2016-06-23 13:24:18 INFO  FileDataModel:185 - Creating FileDataModel for file src/main/resources/movies
2016-06-23 13:24:18 INFO  FileDataModel:357 - Reading file info...
2016-06-23 13:24:18 INFO  FileDataModel:368 - Read lines: 21
2016-06-23 13:24:19 INFO  GenericDataModel:113 - Processed 5 users
2016-06-23 13:24:19 INFO  ALSWRFactorizer:162 - starting to compute the factorization...
2016-06-23 13:24:19 INFO  ALSWRFactorizer:175 - iteration 0
2016-06-23 13:24:19 INFO  ALSWRFactorizer:255 - finished computation of the factorization...
2016-06-23 13:24:19 DEBUG SVDRecommender:137 - Recommending items for user ID '3'
2016-06-23 13:24:19 DEBUG SVDRecommender:144 - Recommendations are: [RecommendedItem[item:3, value:7.384451]]
2016-06-23 13:24:27 INFO  FileDataModel:185 - Creating FileDataModel for file src/main/resources/movies
2016-06-23 13:24:27 INFO  FileDataModel:357 - Reading file info...
2016-06-23 13:24:27 INFO  FileDataModel:368 - Read lines: 21
2016-06-23 13:24:27 INFO  GenericDataModel:113 - Processed 5 users
2016-06-23 13:24:27 INFO  ALSWRFactorizer:162 - starting to compute the factorization...
2016-06-23 13:24:27 INFO  ALSWRFactorizer:175 - iteration 0
2016-06-23 13:24:27 INFO  ALSWRFactorizer:255 - finished computation of the factorization...
2016-06-23 13:24:27 DEBUG SVDRecommender:137 - Recommending items for user ID '3'
2016-06-23 13:24:27 DEBUG SVDRecommender:144 - Recommendations are: [RecommendedItem[item:6, value:6.867185], RecommendedItem[item:2, value:5.2411227]]
2016-06-23 13:24:33 INFO  FileDataModel:185 - Creating FileDataModel for file src/main/resources/movies
2016-06-23 13:24:33 INFO  FileDataModel:357 - Reading file info...
2016-06-23 13:24:33 INFO  FileDataModel:368 - Read lines: 21
2016-06-23 13:24:33 INFO  GenericDataModel:113 - Processed 5 users
2016-06-23 13:24:33 INFO  ALSWRFactorizer:162 - starting to compute the factorization...
2016-06-23 13:24:33 INFO  ALSWRFactorizer:175 - iteration 0
2016-06-23 13:24:33 INFO  ALSWRFactorizer:255 - finished computation of the factorization...
2016-06-23 13:24:33 DEBUG SVDRecommender:137 - Recommending items for user ID '3'
2016-06-23 13:24:33 DEBUG SVDRecommender:144 - Recommendations are: [RecommendedItem[item:6, value:6.835456]]
2016-06-23 13:24:37 INFO  FileDataModel:185 - Creating FileDataModel for file src/main/resources/movies
2016-06-23 13:24:37 INFO  FileDataModel:357 - Reading file info...
2016-06-23 13:24:37 INFO  FileDataModel:368 - Read lines: 21
2016-06-23 13:24:37 INFO  GenericDataModel:113 - Processed 5 users
2016-06-23 13:24:37 INFO  ALSWRFactorizer:162 - starting to compute the factorization...
2016-06-23 13:24:37 INFO  ALSWRFactorizer:175 - iteration 0
2016-06-23 13:24:37 INFO  ALSWRFactorizer:255 - finished computation of the factorization...
2016-06-23 13:24:37 DEBUG SVDRecommender:137 - Recommending items for user ID '3'
2016-06-23 13:24:37 DEBUG SVDRecommender:144 - Recommendations are: [RecommendedItem[item:6, value:6.724931]]
2016-06-23 13:24:38 INFO  FileDataModel:185 - Creating FileDataModel for file src/main/resources/movies
2016-06-23 13:24:38 INFO  FileDataModel:357 - Reading file info...
2016-06-23 13:24:38 INFO  FileDataModel:368 - Read lines: 21
2016-06-23 13:24:38 INFO  GenericDataModel:113 - Processed 5 users
2016-06-23 13:24:38 INFO  ALSWRFactorizer:162 - starting to compute the factorization...
2016-06-23 13:24:38 INFO  ALSWRFactorizer:175 - iteration 0
2016-06-23 13:24:38 INFO  ALSWRFactorizer:255 - finished computation of the factorization...
2016-06-23 13:24:38 DEBUG SVDRecommender:137 - Recommending items for user ID '3'
2016-06-23 13:24:38 DEBUG SVDRecommender:144 - Recommendations are: [RecommendedItem[item:6, value:6.8951035]]
2016-06-23 13:24:39 INFO  FileDataModel:185 - Creating FileDataModel for file src/main/resources/movies
2016-06-23 13:24:39 INFO  FileDataModel:357 - Reading file info...
2016-06-23 13:24:39 INFO  FileDataModel:368 - Read lines: 21
2016-06-23 13:24:39 INFO  GenericDataModel:113 - Processed 5 users
2016-06-23 13:24:39 INFO  ALSWRFactorizer:162 - starting to compute the factorization...
2016-06-23 13:24:39 INFO  ALSWRFactorizer:175 - iteration 0
2016-06-23 13:24:39 INFO  ALSWRFactorizer:255 - finished computation of the factorization...
2016-06-23 13:24:39 DEBUG SVDRecommender:137 - Recommending items for user ID '3'
2016-06-23 13:24:39 DEBUG SVDRecommender:144 - Recommendations are: [RecommendedItem[item:3, value:6.5525765]]
2016-06-23 13:24:40 INFO  FileDataModel:185 - Creating FileDataModel for file src/main/resources/movies
2016-06-23 13:24:40 INFO  FileDataModel:357 - Reading file info...
2016-06-23 13:24:40 INFO  FileDataModel:368 - Read lines: 21
2016-06-23 13:24:40 INFO  GenericDataModel:113 - Processed 5 users
2016-06-23 13:24:40 INFO  ALSWRFactorizer:162 - starting to compute the factorization...
2016-06-23 13:24:40 INFO  ALSWRFactorizer:175 - iteration 0
2016-06-23 13:24:40 INFO  ALSWRFactorizer:255 - finished computation of the factorization...
2016-06-23 13:24:40 DEBUG SVDRecommender:137 - Recommending items for user ID '3'
2016-06-23 13:24:40 DEBUG SVDRecommender:144 - Recommendations are: [RecommendedItem[item:6, value:6.445977]]
2016-06-23 13:24:41 INFO  FileDataModel:185 - Creating FileDataModel for file src/main/resources/movies
2016-06-23 13:24:41 INFO  FileDataModel:357 - Reading file info...
2016-06-23 13:24:41 INFO  FileDataModel:368 - Read lines: 21
2016-06-23 13:24:41 INFO  GenericDataModel:113 - Processed 5 users
2016-06-23 13:24:41 INFO  ALSWRFactorizer:162 - starting to compute the factorization...
2016-06-23 13:24:41 INFO  ALSWRFactorizer:175 - iteration 0
2016-06-23 13:24:41 INFO  ALSWRFactorizer:255 - finished computation of the factorization...
2016-06-23 13:24:41 DEBUG SVDRecommender:137 - Recommending items for user ID '3'
2016-06-23 13:24:41 DEBUG SVDRecommender:144 - Recommendations are: [RecommendedItem[item:3, value:7.384047]]
2016-06-23 13:24:42 INFO  FileDataModel:185 - Creating FileDataModel for file src/main/resources/movies
2016-06-23 13:24:42 INFO  FileDataModel:357 - Reading file info...
2016-06-23 13:24:42 INFO  FileDataModel:368 - Read lines: 21
2016-06-23 13:24:42 INFO  GenericDataModel:113 - Processed 5 users
2016-06-23 13:24:42 INFO  ALSWRFactorizer:162 - starting to compute the factorization...
2016-06-23 13:24:42 INFO  ALSWRFactorizer:175 - iteration 0
2016-06-23 13:24:42 INFO  ALSWRFactorizer:255 - finished computation of the factorization...
2016-06-23 13:24:42 DEBUG SVDRecommender:137 - Recommending items for user ID '3'
2016-06-23 13:24:42 DEBUG SVDRecommender:144 - Recommendations are: [RecommendedItem[item:3, value:6.7983108]]
2016-06-23 13:24:43 INFO  FileDataModel:185 - Creating FileDataModel for file src/main/resources/movies
2016-06-23 13:24:43 INFO  FileDataModel:357 - Reading file info...
2016-06-23 13:24:43 INFO  FileDataModel:368 - Read lines: 21
2016-06-23 13:24:43 INFO  GenericDataModel:113 - Processed 5 users
2016-06-23 13:24:43 INFO  ALSWRFactorizer:162 - starting to compute the factorization...
2016-06-23 13:24:43 INFO  ALSWRFactorizer:175 - iteration 0
2016-06-23 13:24:43 INFO  ALSWRFactorizer:255 - finished computation of the factorization...
2016-06-23 13:24:43 DEBUG SVDRecommender:137 - Recommending items for user ID '3'
2016-06-23 13:24:43 DEBUG SVDRecommender:144 - Recommendations are: [RecommendedItem[item:3, value:6.569473]]
2016-06-23 13:24:44 INFO  FileDataModel:185 - Creating FileDataModel for file src/main/resources/movies
2016-06-23 13:24:44 INFO  FileDataModel:357 - Reading file info...
2016-06-23 13:24:44 INFO  FileDataModel:368 - Read lines: 21
2016-06-23 13:24:44 INFO  GenericDataModel:113 - Processed 5 users
2016-06-23 13:24:44 INFO  ALSWRFactorizer:162 - starting to compute the factorization...
2016-06-23 13:24:44 INFO  ALSWRFactorizer:175 - iteration 0
2016-06-23 13:24:44 INFO  ALSWRFactorizer:255 - finished computation of the factorization...
2016-06-23 13:24:44 DEBUG SVDRecommender:137 - Recommending items for user ID '3'
2016-06-23 13:24:44 DEBUG SVDRecommender:144 - Recommendations are: [RecommendedItem[item:3, value:6.8729873]]
2016-06-23 13:24:45 INFO  FileDataModel:185 - Creating FileDataModel for file src/main/resources/movies
2016-06-23 13:24:45 INFO  FileDataModel:357 - Reading file info...
2016-06-23 13:24:45 INFO  FileDataModel:368 - Read lines: 21
2016-06-23 13:24:45 INFO  GenericDataModel:113 - Processed 5 users
2016-06-23 13:24:45 INFO  ALSWRFactorizer:162 - starting to compute the factorization...
2016-06-23 13:24:45 INFO  ALSWRFactorizer:175 - iteration 0
2016-06-23 13:24:45 INFO  ALSWRFactorizer:255 - finished computation of the factorization...
2016-06-23 13:24:45 DEBUG SVDRecommender:137 - Recommending items for user ID '3'
2016-06-23 13:24:45 DEBUG SVDRecommender:144 - Recommendations are: [RecommendedItem[item:3, value:6.5532627]]
2016-06-23 13:24:46 INFO  FileDataModel:185 - Creating FileDataModel for file src/main/resources/movies
2016-06-23 13:24:46 INFO  FileDataModel:357 - Reading file info...
2016-06-23 13:24:46 INFO  FileDataModel:368 - Read lines: 21
2016-06-23 13:24:46 INFO  GenericDataModel:113 - Processed 5 users
2016-06-23 13:24:46 INFO  ALSWRFactorizer:162 - starting to compute the factorization...
2016-06-23 13:24:46 INFO  ALSWRFactorizer:175 - iteration 0
2016-06-23 13:24:46 INFO  ALSWRFactorizer:255 - finished computation of the factorization...
2016-06-23 13:24:46 DEBUG SVDRecommender:137 - Recommending items for user ID '3'
2016-06-23 13:24:46 DEBUG SVDRecommender:144 - Recommendations are: [RecommendedItem[item:3, value:8.107758]]
2016-06-23 13:24:47 INFO  FileDataModel:185 - Creating FileDataModel for file src/main/resources/movies
2016-06-23 13:24:47 INFO  FileDataModel:357 - Reading file info...
2016-06-23 13:24:47 INFO  FileDataModel:368 - Read lines: 21
2016-06-23 13:24:47 INFO  GenericDataModel:113 - Processed 5 users
2016-06-23 13:24:47 INFO  ALSWRFactorizer:162 - starting to compute the factorization...
2016-06-23 13:24:47 INFO  ALSWRFactorizer:175 - iteration 0
2016-06-23 13:24:47 INFO  ALSWRFactorizer:255 - finished computation of the factorization...
2016-06-23 13:24:47 DEBUG SVDRecommender:137 - Recommending items for user ID '3'
2016-06-23 13:24:47 DEBUG SVDRecommender:144 - Recommendations are: [RecommendedItem[item:3, value:8.50865]]
